\BOOKMARK [1][-]{section.1}{Introduction}{}% 1
\BOOKMARK [2][-]{subsection.1.1}{Overview}{section.1}% 2
\BOOKMARK [2][-]{subsection.1.2}{Software}{section.1}% 3
\BOOKMARK [3][-]{subsubsection.1.2.1}{LCIO}{subsection.1.2}% 4
\BOOKMARK [3][-]{subsubsection.1.2.2}{ILCSoft[7]}{subsection.1.2}% 5
\BOOKMARK [3][-]{subsubsection.1.2.3}{Marlin[8]}{subsection.1.2}% 6
\BOOKMARK [3][-]{subsubsection.1.2.4}{The RAIDA Processor[2]}{subsection.1.2}% 7
\BOOKMARK [2][-]{subsection.1.3}{File Formats}{section.1}% 8
\BOOKMARK [3][-]{subsubsection.1.3.1}{LCIO Data Format[3]}{subsection.1.3}% 9
\BOOKMARK [3][-]{subsubsection.1.3.2}{GEAR - Telescope Geometry Description[4]}{subsection.1.3}% 10
\BOOKMARK [1][-]{section.2}{Installation[5]}{}% 11
\BOOKMARK [2][-]{subsection.2.1}{System Requirements}{section.2}% 12
\BOOKMARK [2][-]{subsection.2.2}{Support Operating Systems and Architectures}{section.2}% 13
\BOOKMARK [2][-]{subsection.2.3}{Standalone Installation}{section.2}% 14
\BOOKMARK [3][-]{subsubsection.2.3.1}{Prerequisites I: packet installation}{subsection.2.3}% 15
\BOOKMARK [3][-]{subsubsection.2.3.2}{Prerequisites II: prepare installation path and download installer}{subsection.2.3}% 16
\BOOKMARK [2][-]{subsection.2.4}{Alternative installation \(for ITk strips users\)}{section.2}% 17
\BOOKMARK [2][-]{subsection.2.5}{Installation for Fedora systems}{section.2}% 18
\BOOKMARK [1][-]{section.3}{Operation}{}% 19
\BOOKMARK [2][-]{subsection.3.1}{Setting the EUTelescope Environment[5]}{section.3}% 20
\BOOKMARK [2][-]{subsection.3.2}{Processors}{section.3}% 21
\BOOKMARK [2][-]{subsection.3.3}{Steering files[6]}{section.3}% 22
\BOOKMARK [2][-]{subsection.3.4}{Job submission with jobsub[9]}{section.3}% 23
\BOOKMARK [3][-]{subsubsection.3.4.1}{Usage and list of available jobsub arguments}{subsection.3.4}% 24
\BOOKMARK [3][-]{subsubsection.3.4.2}{Steering files and jobsub}{subsection.3.4}% 25
\BOOKMARK [3][-]{subsubsection.3.4.3}{jobsub configuration - config files}{subsection.3.4}% 26
\BOOKMARK [3][-]{subsubsection.3.4.4}{jobsub configuration - tables}{subsection.3.4}% 27
\BOOKMARK [3][-]{subsubsection.3.4.5}{jobsub configuration - concatenation}{subsection.3.4}% 28
\BOOKMARK [2][-]{subsection.3.5}{Dumpevent}{section.3}% 29
\BOOKMARK [2][-]{subsection.3.6}{Anajob and lcio\137event\137counter}{section.3}% 30
\BOOKMARK [1][-]{section.4}{Worked Examples}{}% 31
\BOOKMARK [2][-]{subsection.4.1}{Aconite4Chip-local}{section.4}% 32
\BOOKMARK [2][-]{subsection.4.2}{datura-noDUT}{section.4}% 33
\BOOKMARK [1][-]{section.5}{EUTelescope Virtual Machines}{}% 34
\BOOKMARK [2][-]{subsection.5.1}{Installing VirtualBox}{section.5}% 35
\BOOKMARK [2][-]{subsection.5.2}{Retrieval of the VirtualBox VM folder}{section.5}% 36
\BOOKMARK [2][-]{subsection.5.3}{Adding the VM to VirtualBox and booting up}{section.5}% 37
\BOOKMARK [2][-]{subsection.5.4}{Creating a new machine from an existing .vdi file}{section.5}% 38
\BOOKMARK [2][-]{subsection.5.5}{User and root credentials}{section.5}% 39
\BOOKMARK [2][-]{subsection.5.6}{Enabling bidirectional copy and paste}{section.5}% 40
\BOOKMARK [2][-]{subsection.5.7}{CMake v3.5.2 - EUTel\137Strips only}{section.5}% 41
\BOOKMARK [1][-]{section.6}{Docker}{}% 42
\BOOKMARK [1][-]{section.7}{Miscellaneous Tips}{}% 43
\BOOKMARK [1][-]{section.8}{Troubleshooting}{}% 44
\BOOKMARK [2][-]{subsection.8.1}{Common Problems}{section.8}% 45
\BOOKMARK [2][-]{subsection.8.2}{Support}{section.8}% 46
